app/build/intermediates/manifest_merge_blame_file/debug/manifest-merger-blame-debug-report.txt
1<?xml version="1.0" encoding="utf-8"?>
2<manifest xmlns:android="http://schemas.android.com/apk/res/android"
3    package="com.example.xui"
4    android:versionCode="1"
5    android:versionName="1.0" >
6
7    <uses-sdk
8        android:minSdkVersion="17"
8-->src\main\AndroidManifest.xml
9        android:targetSdkVersion="34" />
9-->src\main\AndroidManifest.xml
10
11    <application
11-->src\main\AndroidManifest.xml:5:5-20:19
12        android:name="com.example.xui.MyApp"
12-->src\main\AndroidManifest.xml:6:9-30
13        android:allowBackup="true"
13-->src\main\AndroidManifest.xml:7:9-35
14        android:appComponentFactory="androidx.core.app.CoreComponentFactory"
14-->[androidx.core:core:1.5.0] AndroidManifest.xml:24:18-86
15        android:debuggable="true"
16        android:icon="@mipmap/ic_launcher"
16-->src\main\AndroidManifest.xml:8:9-43
17        android:label="@string/app_name"
17-->src\main\AndroidManifest.xml:9:9-41
18        android:roundIcon="@mipmap/ic_launcher_round"
18-->src\main\AndroidManifest.xml:10:9-54
19        android:supportsRtl="true"
19-->src\main\AndroidManifest.xml:11:9-35
20        android:testOnly="true"
21        android:theme="@style/Theme.XUI" >
21-->src\main\AndroidManifest.xml:12:9-41
22        <activity android:name="com.example.xui.MainActivity" >
22-->src\main\AndroidManifest.xml:13:9-19:20
22-->src\main\AndroidManifest.xml:13:19-47
23            <intent-filter>
23-->src\main\AndroidManifest.xml:14:13-18:29
24                <action android:name="android.intent.action.MAIN" />
24-->src\main\AndroidManifest.xml:15:17-69
24-->src\main\AndroidManifest.xml:15:25-66
25
26                <category android:name="android.intent.category.LAUNCHER" />
26-->src\main\AndroidManifest.xml:17:17-77
26-->src\main\AndroidManifest.xml:17:27-74
27            </intent-filter>
28        </activity>
29
30        <provider
30-->[com.github.xuexiangjys:XUI:1.2.1] AndroidManifest.xml:10:9-14:43
31            android:name="com.xuexiang.xui.XUIInitProvider"
31-->[com.github.xuexiangjys:XUI:1.2.1] AndroidManifest.xml:11:13-60
32            android:authorities="com.example.xui.xui-init-provider"
32-->[com.github.xuexiangjys:XUI:1.2.1] AndroidManifest.xml:12:13-69
33            android:exported="false"
33-->[com.github.xuexiangjys:XUI:1.2.1] AndroidManifest.xml:13:13-37
34            android:multiprocess="true" />
34-->[com.github.xuexiangjys:XUI:1.2.1] AndroidManifest.xml:14:13-40
35
36        <activity
36-->[com.github.xuexiangjys:XUI:1.2.1] AndroidManifest.xml:16:9-18:59
37            android:name="com.xuexiang.xui.widget.imageview.preview.ui.PreviewActivity"
37-->[com.github.xuexiangjys:XUI:1.2.1] AndroidManifest.xml:17:13-88
38            android:theme="@style/XUITheme.Translucent" />
38-->[com.github.xuexiangjys:XUI:1.2.1] AndroidManifest.xml:18:13-56
39        <activity
39-->[com.github.xuexiangjys:XUI:1.2.1] AndroidManifest.xml:19:9-21:59
40            android:name="com.xuexiang.xui.widget.imageview.preview.ui.VideoPlayerActivity"
40-->[com.github.xuexiangjys:XUI:1.2.1] AndroidManifest.xml:20:13-92
41            android:theme="@style/XUITheme.Translucent" />
41-->[com.github.xuexiangjys:XUI:1.2.1] AndroidManifest.xml:21:13-56
42    </application>
43
44</manifest>